warn: Se ha solicitado la lista de todos los usuarios. {"timestamp":"2024-04-20 02:16:26"}
info: Se encontró el usuario con ID: 660d7cd31c611a77dc11977b {"timestamp":"2024-04-20 02:16:48"}
info: Actividades obtenidas correctamente {"timestamp":"2024-04-20 02:17:18"}
warn: Se ha solicitado la lista de todos los usuarios. {"timestamp":"2024-04-20 12:55:47"}
warn: No se encontró ningún usuario para el ID: 662378bca8ee6ace5c842130 {"timestamp":"2024-04-20 12:55:48"}
warn: No se encontró ningún usuario para el ID: 662378bca8ee6ace5c842130 {"timestamp":"2024-04-20 12:55:48"}
info: Se han obtenido todos los comentarios {"timestamp":"2024-04-20 13:23:45"}
info: Se ha solicitado mostrar la información del comentario con ID: 66239ee058244622d765dae7 {"timestamp":"2024-04-20 13:23:50"}
info: Barrio obtenido correctamente {"timestamp":"2024-04-21 12:52:30"}
info: Barrios obtenidos correctamente {"timestamp":"2024-04-21 12:52:30"}
warn: Barrio no encontrado {"timestamp":"2024-04-21 12:56:18"}
info: Barrio actualizado correctamente {"timestamp":"2024-04-21 12:56:51"}
info: Barrios obtenidos correctamente {"timestamp":"2024-04-21 12:58:14"}
info: Barrio obtenido correctamente {"timestamp":"2024-04-21 12:58:16"}
info: Barrio obtenido correctamente {"timestamp":"2024-04-21 12:58:22"}
info: Barrio obtenido correctamente {"timestamp":"2024-04-21 12:58:37"}
info: Barrio actualizado correctamente {"timestamp":"2024-04-21 12:58:44"}
info: Barrio obtenido correctamente {"timestamp":"2024-04-21 12:58:47"}
info: Barrio creado exitosamente {"timestamp":"2024-04-21 13:03:50"}
info: Barrio actualizado correctamente {"timestamp":"2024-04-21 13:04:28"}
info: Barrio obtenido correctamente {"timestamp":"2024-04-21 13:08:20"}
info: Barrio actualizado correctamente {"timestamp":"2024-04-21 13:09:08"}
info: Barrio obtenido correctamente {"timestamp":"2024-04-21 13:09:17"}
info: Barrio actualizado correctamente {"timestamp":"2024-04-21 13:10:42"}
info: Barrio actualizado correctamente {"timestamp":"2024-04-21 13:10:43"}
info: Barrio actualizado correctamente {"timestamp":"2024-04-21 13:10:44"}
info: Barrio obtenido correctamente {"timestamp":"2024-04-21 13:10:51"}
info: Barrio actualizado correctamente {"timestamp":"2024-04-21 13:11:31"}
info: Barrio actualizado correctamente {"timestamp":"2024-04-21 13:11:32"}
info: Barrio creado exitosamente {"timestamp":"2024-04-21 13:13:02"}
info: Barrio creado exitosamente {"timestamp":"2024-04-21 13:15:12"}
info: Barrio creado exitosamente {"timestamp":"2024-04-21 13:15:59"}
info: Barrio actualizado correctamente {"timestamp":"2024-04-21 13:17:59"}
info: Barrio actualizado correctamente {"timestamp":"2024-04-21 13:18:36"}
info: Barrio actualizado correctamente {"timestamp":"2024-04-21 13:25:43"}
info: Barrio obtenido correctamente {"timestamp":"2024-04-21 13:33:39"}
info: Barrio obtenido correctamente {"timestamp":"2024-04-21 13:33:51"}
error: Error al modificar el vector de comentarios del barrio con ID 66151d0acc0535e96a0e7ad3: Comentario is not defined {"stack":"ReferenceError: Comentario is not defined\n    at /Users/jesus/Desktop/UNI/4/2ºCuatri/STW/proyecto/src/routes/barrios.js:191:24\n    at process.processTicksAndRejections (node:internal/process/task_queues:95:5)","timestamp":"2024-04-21 15:00:06"}
error: Error al modificar el vector de comentarios del barrio con ID 66151d0acc0535e96a0e7ad3: Comentario is not defined {"stack":"ReferenceError: Comentario is not defined\n    at /Users/jesus/Desktop/UNI/4/2ºCuatri/STW/proyecto/src/routes/barrios.js:191:24\n    at process.processTicksAndRejections (node:internal/process/task_queues:95:5)","timestamp":"2024-04-21 15:01:22"}
warn: Barrio con ID 6615150cae256fb652fc0e7c no encontrado {"timestamp":"2024-04-21 15:02:18"}
error: Error al modificar el vector de comentarios del barrio con ID 66151d0acc0535e96a0e7ad3: Comentario is not defined {"stack":"ReferenceError: Comentario is not defined\n    at /Users/jesus/Desktop/UNI/4/2ºCuatri/STW/proyecto/src/routes/barrios.js:191:24\n    at process.processTicksAndRejections (node:internal/process/task_queues:95:5)","timestamp":"2024-04-21 15:03:14"}
error: Error al modificar el vector de comentarios del barrio con ID 66151d0acc0535e96a0e7ad3: Comentario is not defined {"stack":"ReferenceError: Comentario is not defined\n    at /Users/jesus/Desktop/UNI/4/2ºCuatri/STW/proyecto/src/routes/barrios.js:191:24\n    at process.processTicksAndRejections (node:internal/process/task_queues:95:5)","timestamp":"2024-04-21 15:06:00"}
error: Error al modificar el vector de comentarios del barrio con ID 66151d0acc0535e96a0e7ad3: Comentario is not defined {"stack":"ReferenceError: Comentario is not defined\n    at /Users/jesus/Desktop/UNI/4/2ºCuatri/STW/proyecto/src/routes/barrios.js:191:24\n    at process.processTicksAndRejections (node:internal/process/task_queues:95:5)","timestamp":"2024-04-21 15:07:41"}
info: Barrio actualizado correctamente {"timestamp":"2024-04-21 15:08:31"}
error: Error al modificar el vector de comentarios del barrio con ID 66151d0acc0535e96a0e7ad3: Comentario is not defined {"stack":"ReferenceError: Comentario is not defined\n    at /Users/jesus/Desktop/UNI/4/2ºCuatri/STW/proyecto/src/routes/barrios.js:193:24\n    at process.processTicksAndRejections (node:internal/process/task_queues:95:5)","timestamp":"2024-04-21 15:10:08"}
error: Error al modificar el vector de comentarios del barrio con ID 66151d0acc0535e96a0e7ad3: Comentario is not defined {"stack":"ReferenceError: Comentario is not defined\n    at /Users/jesus/Desktop/UNI/4/2ºCuatri/STW/proyecto/src/routes/barrios.js:194:24\n    at process.processTicksAndRejections (node:internal/process/task_queues:95:5)","timestamp":"2024-04-21 15:11:25"}
warn: El comentario con ID undefined proporcionado no existe {"timestamp":"2024-04-21 15:12:57"}
warn: El comentario con ID undefined proporcionado no existe {"timestamp":"2024-04-21 15:13:20"}
warn: El comentario con ID undefined proporcionado no existe {"timestamp":"2024-04-21 15:13:57"}
warn: El comentario con ID undefined proporcionado no existe {"timestamp":"2024-04-21 15:15:27"}
info: Barrio con ID 66151d0acc0535e96a0e7ad3 actualizado correctamente con el nuevo comentario {"timestamp":"2024-04-21 15:16:42"}
warn: El comentario con ID undefined proporcionado no existe {"timestamp":"2024-04-21 15:23:57"}
info: Barrio con ID 661a8d548821445f3797f221 actualizado correctamente con el nuevo comentario {"timestamp":"2024-04-21 15:24:19"}
warn: Intento de inicio de sesión con usuario no encontrado. Correo electrónico: juan@gmail.com {"timestamp":"2024-04-21 23:51:47"}
warn: Intento de inicio de sesión con contraseña incorrecta. Correo electrónico: david@gmail.com {"timestamp":"2024-04-21 23:51:59"}
warn: Intento de inicio de sesión con contraseña incorrecta. Correo electrónico: g@g.com {"timestamp":"2024-04-21 23:52:36"}
info: Inicio de sesión exitoso. Correo electrónico: g@g.com {"timestamp":"2024-04-21 23:53:12"}
info: Inicio de sesión exitoso. Correo electrónico: g@g.com {"timestamp":"2024-04-21 23:53:43"}
info: Inicio de sesión exitoso. Correo electrónico: g@g.com {"timestamp":"2024-04-21 23:56:36"}
warn: Se ha solicitado la lista de todos los usuarios. {"timestamp":"2024-04-22 00:18:34"}
info: Inicio de sesión exitoso. Correo electrónico: g@g.com {"timestamp":"2024-04-22 01:22:41"}
info: Inicio de sesión exitoso. Correo electrónico: g@g.com {"timestamp":"2024-04-22 01:33:46"}
info: Se encontró el usuario con ID: 660d7cd31c611a77dc11977b {"timestamp":"2024-04-22 16:35:16"}
warn: Se ha solicitado la lista de todos los usuarios. {"timestamp":"2024-04-22 16:35:21"}
info: Inicio de sesión exitoso. Correo electrónico: g@g.com {"timestamp":"2024-04-22 16:38:19"}
info: Se encontró el usuario con ID: 6618edbba13b7f84d3ff0c45 {"timestamp":"2024-04-22 16:38:28"}
info: Inicio de sesión exitoso. Correo electrónico: g@g.com {"timestamp":"2024-04-22 16:42:36"}
info: Inicio de sesión exitoso. Correo electrónico: g@g.com {"timestamp":"2024-04-22 16:53:48"}
error: Se ha intentado acceder a un endPoint del Admin sin token. {"timestamp":"2024-04-22 22:49:48"}
error: Se ha intentado acceder a un endPoint del Admin sin token. {"timestamp":"2024-04-22 22:49:49"}
error: Token no proporcionado {"timestamp":"2024-04-22 22:50:05"}
error: Se ha intentado acceder a un endPoint del Admin sin token. {"timestamp":"2024-04-22 22:50:44"}
error: Error al iniciar sesión: secreto is not defined {"stack":"ReferenceError: secreto is not defined\n    at /Users/jesus/Desktop/UNI/4/2ºCuatri/STW/proyecto/src/routes/users.js:307:11\n    at process.processTicksAndRejections (node:internal/process/task_queues:95:5)","timestamp":"2024-04-22 22:51:46"}
error: Error al iniciar sesión: secreto is not defined {"stack":"ReferenceError: secreto is not defined\n    at /Users/jesus/Desktop/UNI/4/2ºCuatri/STW/proyecto/src/routes/users.js:307:11\n    at process.processTicksAndRejections (node:internal/process/task_queues:95:5)","timestamp":"2024-04-22 22:52:26"}
error: Error al iniciar sesión: secreto is not defined {"stack":"ReferenceError: secreto is not defined\n    at /Users/jesus/Desktop/UNI/4/2ºCuatri/STW/proyecto/src/routes/users.js:307:11\n    at process.processTicksAndRejections (node:internal/process/task_queues:95:5)","timestamp":"2024-04-22 22:53:15"}
error: Error al iniciar sesión: secreto is not defined {"stack":"ReferenceError: secreto is not defined\n    at /Users/jesus/Desktop/UNI/4/2ºCuatri/STW/proyecto/src/routes/users.js:307:11\n    at process.processTicksAndRejections (node:internal/process/task_queues:95:5)","timestamp":"2024-04-22 22:53:39"}
info: Inicio de sesión exitoso. Correo electrónico: z@z {"timestamp":"2024-04-22 22:54:54"}
error: Se ha intentado acceder a un endPoint del Admin sin serlo con email: z@z. {"timestamp":"2024-04-22 22:56:26"}
error: Se ha intentado acceder a un endPoint del Admin sin serlo con email: z@z. {"timestamp":"2024-04-22 22:56:49"}
error: Error al verificar el acceso al colegio: User is not defined {"stack":"ReferenceError: User is not defined\n    at verifyTokenAndAccess (/Users/jesus/Desktop/UNI/4/2ºCuatri/STW/proyecto/src/middleware/verifyToken.js:79:18)\n    at Layer.handle [as handle_request] (/Users/jesus/Desktop/UNI/4/2ºCuatri/STW/proyecto/node_modules/express/lib/router/layer.js:95:5)\n    at next (/Users/jesus/Desktop/UNI/4/2ºCuatri/STW/proyecto/node_modules/express/lib/router/route.js:149:13)\n    at Route.dispatch (/Users/jesus/Desktop/UNI/4/2ºCuatri/STW/proyecto/node_modules/express/lib/router/route.js:119:3)\n    at Layer.handle [as handle_request] (/Users/jesus/Desktop/UNI/4/2ºCuatri/STW/proyecto/node_modules/express/lib/router/layer.js:95:5)\n    at /Users/jesus/Desktop/UNI/4/2ºCuatri/STW/proyecto/node_modules/express/lib/router/index.js:284:15\n    at param (/Users/jesus/Desktop/UNI/4/2ºCuatri/STW/proyecto/node_modules/express/lib/router/index.js:365:14)\n    at param (/Users/jesus/Desktop/UNI/4/2ºCuatri/STW/proyecto/node_modules/express/lib/router/index.js:376:14)\n    at Function.process_params (/Users/jesus/Desktop/UNI/4/2ºCuatri/STW/proyecto/node_modules/express/lib/router/index.js:421:3)\n    at next (/Users/jesus/Desktop/UNI/4/2ºCuatri/STW/proyecto/node_modules/express/lib/router/index.js:280:10)","timestamp":"2024-04-22 22:57:44"}
error: Error al verificar el acceso al colegio: User is not defined {"stack":"ReferenceError: User is not defined\n    at verifyTokenAndAccess (/Users/jesus/Desktop/UNI/4/2ºCuatri/STW/proyecto/src/middleware/verifyToken.js:79:18)\n    at Layer.handle [as handle_request] (/Users/jesus/Desktop/UNI/4/2ºCuatri/STW/proyecto/node_modules/express/lib/router/layer.js:95:5)\n    at next (/Users/jesus/Desktop/UNI/4/2ºCuatri/STW/proyecto/node_modules/express/lib/router/route.js:149:13)\n    at Route.dispatch (/Users/jesus/Desktop/UNI/4/2ºCuatri/STW/proyecto/node_modules/express/lib/router/route.js:119:3)\n    at Layer.handle [as handle_request] (/Users/jesus/Desktop/UNI/4/2ºCuatri/STW/proyecto/node_modules/express/lib/router/layer.js:95:5)\n    at /Users/jesus/Desktop/UNI/4/2ºCuatri/STW/proyecto/node_modules/express/lib/router/index.js:284:15\n    at param (/Users/jesus/Desktop/UNI/4/2ºCuatri/STW/proyecto/node_modules/express/lib/router/index.js:365:14)\n    at param (/Users/jesus/Desktop/UNI/4/2ºCuatri/STW/proyecto/node_modules/express/lib/router/index.js:376:14)\n    at Function.process_params (/Users/jesus/Desktop/UNI/4/2ºCuatri/STW/proyecto/node_modules/express/lib/router/index.js:421:3)\n    at next (/Users/jesus/Desktop/UNI/4/2ºCuatri/STW/proyecto/node_modules/express/lib/router/index.js:280:10)","timestamp":"2024-04-22 22:58:26"}
error: Error al verificar el acceso al colegio: User is not defined {"stack":"ReferenceError: User is not defined\n    at verifyTokenAndAccess (/Users/jesus/Desktop/UNI/4/2ºCuatri/STW/proyecto/src/middleware/verifyToken.js:79:18)\n    at Layer.handle [as handle_request] (/Users/jesus/Desktop/UNI/4/2ºCuatri/STW/proyecto/node_modules/express/lib/router/layer.js:95:5)\n    at next (/Users/jesus/Desktop/UNI/4/2ºCuatri/STW/proyecto/node_modules/express/lib/router/route.js:149:13)\n    at Route.dispatch (/Users/jesus/Desktop/UNI/4/2ºCuatri/STW/proyecto/node_modules/express/lib/router/route.js:119:3)\n    at Layer.handle [as handle_request] (/Users/jesus/Desktop/UNI/4/2ºCuatri/STW/proyecto/node_modules/express/lib/router/layer.js:95:5)\n    at /Users/jesus/Desktop/UNI/4/2ºCuatri/STW/proyecto/node_modules/express/lib/router/index.js:284:15\n    at param (/Users/jesus/Desktop/UNI/4/2ºCuatri/STW/proyecto/node_modules/express/lib/router/index.js:365:14)\n    at param (/Users/jesus/Desktop/UNI/4/2ºCuatri/STW/proyecto/node_modules/express/lib/router/index.js:376:14)\n    at Function.process_params (/Users/jesus/Desktop/UNI/4/2ºCuatri/STW/proyecto/node_modules/express/lib/router/index.js:421:3)\n    at next (/Users/jesus/Desktop/UNI/4/2ºCuatri/STW/proyecto/node_modules/express/lib/router/index.js:280:10)","timestamp":"2024-04-22 23:00:42"}
error: El usuario no tiene acceso al colegio con ID: 661b0182840a70e6ddae00b5 {"timestamp":"2024-04-22 23:01:51"}
info: Vector del usuario modificado correctamente {"timestamp":"2024-04-22 23:09:36"}
info: Usuario con correo electrónico z@z tiene acceso al colegio con ID: 661b0182840a70e6ddae00b5 {"timestamp":"2024-04-22 23:10:09"}
info: Recomendación de barrio obtenida correctamente: {"timestamp":"2024-04-25 14:26:23"}
info: Recomendación de barrio obtenida correctamente: {"timestamp":"2024-04-25 14:28:06"}
info: Recomendación de barrio obtenida correctamente: {"timestamp":"2024-04-25 14:30:34"}
error: Se ha intentado acceder a un endPoint del Admin sin token. {"timestamp":"2024-04-25 14:30:43"}
info: Barrio obtenido correctamente {"timestamp":"2024-04-25 14:32:25"}
error: Se ha intentado acceder a un endPoint del Admin sin token. {"timestamp":"2024-04-27 15:29:34"}
info: Inicio de sesión exitoso. Correo electrónico: z@z {"timestamp":"2024-04-27 15:32:11"}
error: Se ha intentado acceder a un endPoint del Admin sin token. {"timestamp":"2024-04-27 15:33:03"}
error: Se ha intentado acceder a un endPoint del Admin sin token. {"timestamp":"2024-04-27 15:33:44"}
error: Se ha intentado acceder a un endPoint del Admin sin token. {"timestamp":"2024-04-27 15:33:46"}
error: Se ha intentado acceder a un endPoint del Admin sin token. {"timestamp":"2024-04-27 15:39:48"}
error: Se ha intentado acceder a un endPoint del Admin sin serlo con email: z@z. {"timestamp":"2024-04-27 15:40:22"}
warn: Se ha solicitado la lista de todos los usuarios. {"timestamp":"2024-04-27 15:41:07"}
warn: Intento de inicio de sesión con usuario no encontrado. Correo electrónico: undefined {"timestamp":"2024-04-27 15:42:17"}
info: Se encontró el usuario con ID: 660c817bac62a9c6dae0d60c {"timestamp":"2024-04-27 15:42:45"}
info: Se encontró el usuario con ID: 660c817bac62a9c6dae0d60c {"timestamp":"2024-04-27 15:42:53"}
info: Se encontró el usuario con ID: 660c817bac62a9c6dae0d60c {"timestamp":"2024-04-27 15:42:59"}
error: Se ha intentado acceder a un endPoint del Admin sin token. {"timestamp":"2024-04-27 15:49:18"}
warn: Se ha solicitado la lista de todos los usuarios. {"timestamp":"2024-04-27 15:49:37"}
info: Actividades obtenidas correctamente {"timestamp":"2024-04-27 15:50:06"}
info: Actividad obtenida correctamente {"timestamp":"2024-04-27 15:51:02"}
error: Se ha intentado acceder a un endPoint del Admin sin token. {"timestamp":"2024-04-27 15:51:10"}
info: Actividades obtenidas correctamente {"timestamp":"2024-04-27 16:02:28"}
error: Se ha intentado acceder a un endPoint del Admin sin token. {"timestamp":"2024-04-27 16:06:19"}
error: Se ha intentado acceder a un endPoint del Admin sin token. {"timestamp":"2024-04-27 16:06:25"}
info: Actividades obtenidas correctamente {"timestamp":"2024-04-28 20:20:23"}
info: Actividades obtenidas correctamente {"timestamp":"2024-04-28 21:31:15"}
error: Se ha intentado acceder a un endPoint del Admin sin token. {"timestamp":"2024-04-28 22:03:57"}
error: Se ha intentado acceder a un endPoint del Admin sin token. {"timestamp":"2024-04-28 22:04:30"}
error: Se ha intentado acceder a un endPoint del Admin sin token. {"timestamp":"2024-04-28 22:04:37"}
error: Se ha intentado acceder a un endPoint del Admin sin token. {"timestamp":"2024-04-28 22:04:39"}
info: Barrio actualizado correctamente {"timestamp":"2024-04-28 22:04:55"}
info: Barrio actualizado correctamente {"timestamp":"2024-04-28 22:05:38"}
info: Actividades obtenidas correctamente {"timestamp":"2024-04-28 22:49:06"}
error: Se ha intentado acceder a un endPoint sin token. {"timestamp":"2024-04-28 22:58:39"}
error: Error al registrar usuario: Cannot read properties of undefined (reading 'body') {"stack":"TypeError: Cannot read properties of undefined (reading 'body')\n    at /Users/jesus/Desktop/UNI/4/2ºCuatri/STW/proyecto/src/routes/users.js:373:29\n    at process.processTicksAndRejections (node:internal/process/task_queues:95:5)","timestamp":"2024-04-28 22:58:39"}
warn: Intento de inicio de sesión con usuario no encontrado. Correo electrónico: test@example.com {"timestamp":"2024-04-28 22:58:39"}
info: Actividades obtenidas correctamente {"timestamp":"2024-04-28 22:59:56"}
error: Se ha intentado acceder a un endPoint sin token. {"timestamp":"2024-04-28 22:59:56"}
error: Error al registrar usuario: Cannot read properties of undefined (reading 'body') {"stack":"TypeError: Cannot read properties of undefined (reading 'body')\n    at /Users/jesus/Desktop/UNI/4/2ºCuatri/STW/proyecto/src/routes/users.js:373:29\n    at process.processTicksAndRejections (node:internal/process/task_queues:95:5)","timestamp":"2024-04-28 22:59:56"}
warn: Intento de inicio de sesión con usuario no encontrado. Correo electrónico: test@example.com {"timestamp":"2024-04-28 22:59:56"}
info: Actividades obtenidas correctamente {"timestamp":"2024-04-28 23:02:24"}
error: Se ha intentado acceder a un endPoint sin token. {"timestamp":"2024-04-28 23:02:24"}
error: Error al registrar usuario: Cannot read properties of undefined (reading 'body') {"stack":"TypeError: Cannot read properties of undefined (reading 'body')\n    at /Users/jesus/Desktop/UNI/4/2ºCuatri/STW/proyecto/src/routes/users.js:373:29\n    at process.processTicksAndRejections (node:internal/process/task_queues:95:5)","timestamp":"2024-04-28 23:02:24"}
info: Actividades obtenidas correctamente {"timestamp":"2024-04-28 23:03:06"}
error: Se ha intentado acceder a un endPoint sin token. {"timestamp":"2024-04-28 23:03:06"}
info: Actividades obtenidas correctamente {"timestamp":"2024-04-28 23:03:56"}
error: Se ha intentado acceder a un endPoint sin token. {"timestamp":"2024-04-28 23:03:56"}
info: Actividades obtenidas correctamente {"timestamp":"2024-04-28 23:04:09"}
error: Se ha intentado acceder a un endPoint sin token. {"timestamp":"2024-04-28 23:04:10"}
info: Actividades obtenidas correctamente {"timestamp":"2024-04-28 23:06:30"}
info: Actividades obtenidas correctamente {"timestamp":"2024-04-28 23:06:44"}
error: Se ha intentado acceder a un endPoint sin ser rol ADMIN o USER con email: undefined. {"timestamp":"2024-04-28 23:06:44"}
info: Actividades obtenidas correctamente {"timestamp":"2024-04-28 23:07:30"}
info: Inicio de sesión exitoso. Correo electrónico: e@e.com {"timestamp":"2024-04-28 23:07:30"}
info: Actividades obtenidas correctamente {"timestamp":"2024-04-28 23:07:41"}
warn: Intento de inicio de sesión con contraseña incorrecta. Correo electrónico: e@e.com {"timestamp":"2024-04-28 23:07:41"}
info: Actividades obtenidas correctamente {"timestamp":"2024-04-28 23:07:49"}
info: Inicio de sesión exitoso. Correo electrónico: e@e.com {"timestamp":"2024-04-28 23:07:49"}
error: Se ha intentado acceder a un endPoint sin ser rol ADMIN o USER con email: undefined. {"timestamp":"2024-04-28 23:10:40"}
error: Se ha intentado acceder a un endPoint sin ser rol ADMIN o USER con email: undefined. {"timestamp":"2024-04-28 23:10:40"}
warn: Intento de inicio de sesión con usuario no encontrado. Correo electrónico: test@example.com {"timestamp":"2024-04-28 23:10:41"}
info: Actividades obtenidas correctamente {"timestamp":"2024-04-28 23:10:53"}
info: Inicio de sesión exitoso. Correo electrónico: e@e.com {"timestamp":"2024-04-28 23:10:53"}
error: Se ha intentado acceder a un endPoint sin ser rol ADMIN o USER con email: undefined. {"timestamp":"2024-04-28 23:20:54"}
error: Se ha intentado acceder a un endPoint sin ser rol ADMIN o USER con email: undefined. {"timestamp":"2024-04-28 23:20:54"}
warn: Intento de inicio de sesión con usuario no encontrado. Correo electrónico: test@example.com {"timestamp":"2024-04-28 23:20:55"}
info: Actividades obtenidas correctamente {"timestamp":"2024-04-28 23:21:16"}
info: Inicio de sesión exitoso. Correo electrónico: e@e.com {"timestamp":"2024-04-28 23:21:16"}
info: Actividades obtenidas correctamente {"timestamp":"2024-04-28 23:26:51"}
info: Inicio de sesión exitoso. Correo electrónico: e@e.com {"timestamp":"2024-04-28 23:26:51"}
info: Actividades obtenidas correctamente {"timestamp":"2024-04-28 23:27:28"}
info: Inicio de sesión exitoso. Correo electrónico: e@e.com {"timestamp":"2024-04-28 23:27:29"}
info: Usuario registrado exitosamente con ID: 662ebf41c1d1d155467f4914 {"timestamp":"2024-04-28 23:27:29"}
info: Actividades obtenidas correctamente {"timestamp":"2024-04-28 23:30:11"}
info: Usuario registrado exitosamente con ID: 662ebfe359cdb18e80d5cfc0 {"timestamp":"2024-04-28 23:30:11"}
info: Inicio de sesión exitoso. Correo electrónico: test2@example.com {"timestamp":"2024-04-28 23:30:11"}
info: Actividades obtenidas correctamente {"timestamp":"2024-04-28 23:37:00"}
info: Usuario registrado exitosamente con ID: 662ec17c98603587519f6918 {"timestamp":"2024-04-28 23:37:00"}
info: Inicio de sesión exitoso. Correo electrónico: test2@example.com {"timestamp":"2024-04-28 23:37:00"}
info: Actividades obtenidas correctamente {"timestamp":"2024-04-28 23:39:10"}
error: Error al registrar usuario: Cannot read properties of undefined (reading 'body') {"stack":"TypeError: Cannot read properties of undefined (reading 'body')\n    at /Users/jesus/Desktop/UNI/4/2ºCuatri/STW/proyecto/src/routes/users.js:373:29\n    at process.processTicksAndRejections (node:internal/process/task_queues:95:5)","timestamp":"2024-04-28 23:39:10"}
error: Error al registrar usuario: Cannot set headers after they are sent to the client {"code":"ERR_HTTP_HEADERS_SENT","stack":"Error [ERR_HTTP_HEADERS_SENT]: Cannot set headers after they are sent to the client\n    at new NodeError (node:internal/errors:399:5)\n    at ServerResponse.setHeader (node:_http_outgoing:663:11)\n    at ServerResponse.header (/Users/jesus/Desktop/UNI/4/2ºCuatri/STW/proyecto/node_modules/express/lib/response.js:795:10)\n    at ServerResponse.send (/Users/jesus/Desktop/UNI/4/2ºCuatri/STW/proyecto/node_modules/express/lib/response.js:175:12)\n    at /Users/jesus/Desktop/UNI/4/2ºCuatri/STW/proyecto/src/routes/users.js:126:30\n    at process.processTicksAndRejections (node:internal/process/task_queues:95:5)","timestamp":"2024-04-28 23:39:10"}
info: Inicio de sesión exitoso. Correo electrónico: test2@example.com {"timestamp":"2024-04-28 23:39:10"}
info: Actividades obtenidas correctamente {"timestamp":"2024-04-28 23:52:29"}
error: Error al registrar usuario: Cannot read properties of undefined (reading 'body') {"stack":"TypeError: Cannot read properties of undefined (reading 'body')\n    at /Users/jesus/Desktop/UNI/4/2ºCuatri/STW/proyecto/src/routes/users.js:373:29\n    at process.processTicksAndRejections (node:internal/process/task_queues:95:5)","timestamp":"2024-04-28 23:52:29"}
error: Error al registrar usuario: Cannot set headers after they are sent to the client {"code":"ERR_HTTP_HEADERS_SENT","stack":"Error [ERR_HTTP_HEADERS_SENT]: Cannot set headers after they are sent to the client\n    at new NodeError (node:internal/errors:399:5)\n    at ServerResponse.setHeader (node:_http_outgoing:663:11)\n    at ServerResponse.header (/Users/jesus/Desktop/UNI/4/2ºCuatri/STW/proyecto/node_modules/express/lib/response.js:795:10)\n    at ServerResponse.send (/Users/jesus/Desktop/UNI/4/2ºCuatri/STW/proyecto/node_modules/express/lib/response.js:175:12)\n    at /Users/jesus/Desktop/UNI/4/2ºCuatri/STW/proyecto/src/routes/users.js:126:30\n    at process.processTicksAndRejections (node:internal/process/task_queues:95:5)","timestamp":"2024-04-28 23:52:29"}
info: Inicio de sesión exitoso. Correo electrónico: test2@example.com {"timestamp":"2024-04-28 23:52:30"}
info: Actividades obtenidas correctamente {"timestamp":"2024-04-28 23:57:48"}
info: Usuario registrado exitosamente con ID: 662ec65cec58573edb0d735f {"timestamp":"2024-04-28 23:57:48"}
info: Inicio de sesión exitoso. Correo electrónico: test@example.com {"timestamp":"2024-04-28 23:57:48"}
error: Se ha intentado acceder a un endPoint sin token. {"timestamp":"2024-04-29 00:12:28"}
info: Recomendación de barrio obtenida correctamente: {"timestamp":"2024-04-29 00:12:39"}
info: Recomendación de barrio obtenida correctamente: {"timestamp":"2024-04-29 00:12:52"}
info: Recomendación de barrio obtenida correctamente: {"timestamp":"2024-04-29 00:13:00"}
info: Actividades obtenidas correctamente {"timestamp":"2024-04-29 00:14:22"}
info: Inicio de sesión exitoso. Correo electrónico: test@example.com {"timestamp":"2024-04-29 00:14:22"}
info: Recomendación de barrio obtenida correctamente: {"timestamp":"2024-04-29 00:14:22"}
info: Actividades obtenidas correctamente {"timestamp":"2024-04-29 00:16:49"}
info: Recomendación de barrio obtenida correctamente: {"timestamp":"2024-04-29 00:16:49"}
info: Actividades obtenidas correctamente {"timestamp":"2024-04-29 00:26:00"}
info: Recomendación de barrio obtenida correctamente: {"timestamp":"2024-04-29 00:26:00"}
info: Actividades obtenidas correctamente {"timestamp":"2024-04-29 00:26:57"}
info: Recomendación de barrio obtenida correctamente: {"timestamp":"2024-04-29 00:26:57"}
info: Actividades obtenidas correctamente {"timestamp":"2024-04-29 00:28:02"}
error: Se ha intentado acceder a un endPoint sin token. {"timestamp":"2024-04-29 00:28:02"}
info: Actividades obtenidas correctamente {"timestamp":"2024-04-29 00:30:16"}
info: Inicio de sesión exitoso. Correo electrónico: test@example.com {"timestamp":"2024-04-29 00:30:16"}
info: Recomendación de barrio obtenida correctamente: {"timestamp":"2024-04-29 00:30:16"}
info: Actividades obtenidas correctamente {"timestamp":"2024-04-29 00:30:46"}
info: Inicio de sesión exitoso. Correo electrónico: test@example.com {"timestamp":"2024-04-29 00:30:46"}
info: Recomendación de barrio obtenida correctamente: {"timestamp":"2024-04-29 00:30:46"}
info: Actividades obtenidas correctamente {"timestamp":"2024-04-29 00:38:18"}
info: Usuario registrado exitosamente con ID: 662ecfdabe2654b98075cdee {"timestamp":"2024-04-29 00:38:18"}
info: Inicio de sesión exitoso. Correo electrónico: test@example.com {"timestamp":"2024-04-29 00:38:18"}
info: Recomendación de barrio obtenida correctamente: {"timestamp":"2024-04-29 00:38:19"}
info: Inicio de sesión exitoso. Correo electrónico: test@example.com {"timestamp":"2024-04-29 00:56:30"}
info: Actividad creada exitosamente {"timestamp":"2024-04-29 00:56:30"}
error: Se ha intentado acceder a un endPoint del Admin sin serlo con email: test@example.com. {"timestamp":"2024-04-29 00:56:30"}
info: Inicio de sesión exitoso. Correo electrónico: test@example.com {"timestamp":"2024-04-29 00:58:14"}
error: Error al crear actividad: Activities validation failed: descripcion: Path `descripcion` is required. {"_message":"Activities validation failed","errors":{"descripcion":{"kind":"required","message":"Path `descripcion` is required.","name":"ValidatorError","path":"descripcion","properties":{"message":"Path `descripcion` is required.","path":"descripcion","type":"required"}}},"stack":"ValidationError: Activities validation failed: descripcion: Path `descripcion` is required.\n    at Document.invalidate (/Users/jesus/Desktop/UNI/4/2ºCuatri/STW/proyecto/node_modules/mongoose/lib/document.js:3200:32)\n    at /Users/jesus/Desktop/UNI/4/2ºCuatri/STW/proyecto/node_modules/mongoose/lib/document.js:2993:17\n    at /Users/jesus/Desktop/UNI/4/2ºCuatri/STW/proyecto/node_modules/mongoose/lib/schemaType.js:1370:9\n    at process.processTicksAndRejections (node:internal/process/task_queues:77:11)","timestamp":"2024-04-29 00:58:14"}
info: Inicio de sesión exitoso. Correo electrónico: test@example.com {"timestamp":"2024-04-29 00:58:46"}
info: Actividad creada exitosamente {"timestamp":"2024-04-29 00:58:46"}
error: Se ha intentado acceder a un endPoint del Admin sin serlo con email: test@example.com. {"timestamp":"2024-04-29 00:58:46"}
info: Inicio de sesión exitoso. Correo electrónico: test@example.com {"timestamp":"2024-04-29 00:59:45"}
info: Actividad creada exitosamente {"timestamp":"2024-04-29 00:59:45"}
error: Se ha intentado acceder a un endPoint del Admin sin serlo con email: test@example.com. {"timestamp":"2024-04-29 00:59:45"}
info: Inicio de sesión exitoso. Correo electrónico: test@example.com {"timestamp":"2024-04-29 01:00:18"}
info: Actividad creada exitosamente {"timestamp":"2024-04-29 01:00:19"}
error: Se ha intentado acceder a un endPoint del Admin sin serlo con email: test@example.com. {"timestamp":"2024-04-29 01:00:19"}
info: Inicio de sesión exitoso. Correo electrónico: test@example.com {"timestamp":"2024-04-29 01:01:25"}
info: Actividad creada exitosamente {"timestamp":"2024-04-29 01:01:25"}
warn: Se ha solicitado la lista de todos los usuarios. {"timestamp":"2024-04-29 01:01:25"}
info: Se encontró el usuario con ID: 662ecfdabe2654b98075cdee {"timestamp":"2024-04-29 01:01:25"}
info: Inicio de sesión exitoso. Correo electrónico: test@example.com {"timestamp":"2024-04-29 01:09:57"}
info: Actividad creada exitosamente {"timestamp":"2024-04-29 01:09:58"}
info: Se encontró el usuario con ID: 662ecfdabe2654b98075cdee {"timestamp":"2024-04-29 01:09:58"}
info: Inicio de sesión exitoso. Correo electrónico: test@example.com {"timestamp":"2024-04-29 01:11:05"}
info: Actividad creada exitosamente {"timestamp":"2024-04-29 01:11:06"}
info: Se encontró el usuario con ID: 662ecfdabe2654b98075cdee {"timestamp":"2024-04-29 01:11:06"}
info: Inicio de sesión exitoso. Correo electrónico: admin@admin.com {"timestamp":"2024-04-29 01:22:14"}
info: Actividad creada exitosamente {"timestamp":"2024-04-29 01:22:14"}
info: Inicio de sesión exitoso. Correo electrónico: admin@admin.com {"timestamp":"2024-04-29 01:23:54"}
info: Actividad creada exitosamente {"timestamp":"2024-04-29 01:23:54"}
info: Inicio de sesión exitoso. Correo electrónico: admin@admin.com {"timestamp":"2024-04-29 01:26:11"}
info: Actividad creada exitosamente {"timestamp":"2024-04-29 01:26:12"}
info: Inicio de sesión exitoso. Correo electrónico: admin@admin.com {"timestamp":"2024-04-29 01:30:09"}
info: Actividad creada exitosamente {"timestamp":"2024-04-29 01:30:09"}
info: Inicio de sesión exitoso. Correo electrónico: admin@admin.com {"timestamp":"2024-04-29 01:32:20"}
info: Actividad creada exitosamente {"timestamp":"2024-04-29 01:32:20"}
info: Inicio de sesión exitoso. Correo electrónico: admin@admin.com {"timestamp":"2024-04-29 01:34:40"}
info: Actividad creada exitosamente {"timestamp":"2024-04-29 01:34:41"}
error: Error al obtener actividad: Cast to ObjectId failed for value "undefined" (type string) at path "_id" for model "Activities" {"kind":"ObjectId","path":"_id","reason":{},"stack":"CastError: Cast to ObjectId failed for value \"undefined\" (type string) at path \"_id\" for model \"Activities\"\n    at SchemaObjectId.cast (/Users/jesus/Desktop/UNI/4/2ºCuatri/STW/proyecto/node_modules/mongoose/lib/schema/objectId.js:250:11)\n    at SchemaType.applySetters (/Users/jesus/Desktop/UNI/4/2ºCuatri/STW/proyecto/node_modules/mongoose/lib/schemaType.js:1221:12)\n    at SchemaType.castForQuery (/Users/jesus/Desktop/UNI/4/2ºCuatri/STW/proyecto/node_modules/mongoose/lib/schemaType.js:1636:17)\n    at cast (/Users/jesus/Desktop/UNI/4/2ºCuatri/STW/proyecto/node_modules/mongoose/lib/cast.js:375:32)\n    at Query.cast (/Users/jesus/Desktop/UNI/4/2ºCuatri/STW/proyecto/node_modules/mongoose/lib/query.js:4778:12)\n    at Query._castConditions (/Users/jesus/Desktop/UNI/4/2ºCuatri/STW/proyecto/node_modules/mongoose/lib/query.js:2199:10)\n    at model.Query._findOne (/Users/jesus/Desktop/UNI/4/2ºCuatri/STW/proyecto/node_modules/mongoose/lib/query.js:2513:8)\n    at model.Query.exec (/Users/jesus/Desktop/UNI/4/2ºCuatri/STW/proyecto/node_modules/mongoose/lib/query.js:4322:80)\n    at process.processTicksAndRejections (node:internal/process/task_queues:95:5)\n    at async /Users/jesus/Desktop/UNI/4/2ºCuatri/STW/proyecto/src/routes/activities.js:194:23","stringValue":"\"undefined\"","timestamp":"2024-04-29 01:34:41","value":"undefined","valueType":"string"}
info: Inicio de sesión exitoso. Correo electrónico: admin@admin.com {"timestamp":"2024-04-29 01:39:24"}
info: Actividad creada exitosamente {"timestamp":"2024-04-29 01:39:24"}
error: Error al obtener actividad: Cast to ObjectId failed for value "undefined" (type string) at path "_id" for model "Activities" {"kind":"ObjectId","path":"_id","reason":{},"stack":"CastError: Cast to ObjectId failed for value \"undefined\" (type string) at path \"_id\" for model \"Activities\"\n    at SchemaObjectId.cast (/Users/jesus/Desktop/UNI/4/2ºCuatri/STW/proyecto/node_modules/mongoose/lib/schema/objectId.js:250:11)\n    at SchemaType.applySetters (/Users/jesus/Desktop/UNI/4/2ºCuatri/STW/proyecto/node_modules/mongoose/lib/schemaType.js:1221:12)\n    at SchemaType.castForQuery (/Users/jesus/Desktop/UNI/4/2ºCuatri/STW/proyecto/node_modules/mongoose/lib/schemaType.js:1636:17)\n    at cast (/Users/jesus/Desktop/UNI/4/2ºCuatri/STW/proyecto/node_modules/mongoose/lib/cast.js:375:32)\n    at Query.cast (/Users/jesus/Desktop/UNI/4/2ºCuatri/STW/proyecto/node_modules/mongoose/lib/query.js:4778:12)\n    at Query._castConditions (/Users/jesus/Desktop/UNI/4/2ºCuatri/STW/proyecto/node_modules/mongoose/lib/query.js:2199:10)\n    at model.Query._findOne (/Users/jesus/Desktop/UNI/4/2ºCuatri/STW/proyecto/node_modules/mongoose/lib/query.js:2513:8)\n    at model.Query.exec (/Users/jesus/Desktop/UNI/4/2ºCuatri/STW/proyecto/node_modules/mongoose/lib/query.js:4322:80)\n    at process.processTicksAndRejections (node:internal/process/task_queues:95:5)\n    at async /Users/jesus/Desktop/UNI/4/2ºCuatri/STW/proyecto/src/routes/activities.js:194:23","stringValue":"\"undefined\"","timestamp":"2024-04-29 01:39:24","value":"undefined","valueType":"string"}
info: Inicio de sesión exitoso. Correo electrónico: admin@admin.com {"timestamp":"2024-04-29 01:40:24"}
error: Error al crear un nuevo colegio: Colegio validation failed: telefono: Path `telefono` is required. {"_message":"Colegio validation failed","errors":{"telefono":{"kind":"required","message":"Path `telefono` is required.","name":"ValidatorError","path":"telefono","properties":{"message":"Path `telefono` is required.","path":"telefono","type":"required"}}},"stack":"ValidationError: Colegio validation failed: telefono: Path `telefono` is required.\n    at Document.invalidate (/Users/jesus/Desktop/UNI/4/2ºCuatri/STW/proyecto/node_modules/mongoose/lib/document.js:3200:32)\n    at /Users/jesus/Desktop/UNI/4/2ºCuatri/STW/proyecto/node_modules/mongoose/lib/document.js:2993:17\n    at /Users/jesus/Desktop/UNI/4/2ºCuatri/STW/proyecto/node_modules/mongoose/lib/schemaType.js:1370:9\n    at process.processTicksAndRejections (node:internal/process/task_queues:77:11)","timestamp":"2024-04-29 01:40:24"}
error: Se ha intentado acceder a un endPoint del Admin sin serlo con email: admin@admin.com. {"timestamp":"2024-04-29 01:40:24"}
info: Inicio de sesión exitoso. Correo electrónico: admin@admin.com {"timestamp":"2024-04-29 01:43:05"}
error: Error al crear un nuevo colegio: Colegio validation failed: telefono: Path `telefono` is required. {"_message":"Colegio validation failed","errors":{"telefono":{"kind":"required","message":"Path `telefono` is required.","name":"ValidatorError","path":"telefono","properties":{"message":"Path `telefono` is required.","path":"telefono","type":"required"}}},"stack":"ValidationError: Colegio validation failed: telefono: Path `telefono` is required.\n    at Document.invalidate (/Users/jesus/Desktop/UNI/4/2ºCuatri/STW/proyecto/node_modules/mongoose/lib/document.js:3200:32)\n    at /Users/jesus/Desktop/UNI/4/2ºCuatri/STW/proyecto/node_modules/mongoose/lib/document.js:2993:17\n    at /Users/jesus/Desktop/UNI/4/2ºCuatri/STW/proyecto/node_modules/mongoose/lib/schemaType.js:1370:9\n    at process.processTicksAndRejections (node:internal/process/task_queues:77:11)","timestamp":"2024-04-29 01:43:05"}
info: Inicio de sesión exitoso. Correo electrónico: admin@admin.com {"timestamp":"2024-04-29 01:44:24"}
info: Colegio creado correctamente {"timestamp":"2024-04-29 01:44:24"}
info: Inicio de sesión exitoso. Correo electrónico: admin@admin.com {"timestamp":"2024-04-29 01:44:50"}
info: Colegio creado correctamente {"timestamp":"2024-04-29 01:44:50"}
info: Inicio de sesión exitoso. Correo electrónico: admin@admin.com {"timestamp":"2024-04-29 01:46:08"}
info: Colegio creado correctamente {"timestamp":"2024-04-29 01:46:08"}
error: Se ha intentado acceder a un endPoint del Admin sin serlo con email: admin@admin.com. {"timestamp":"2024-04-29 01:46:08"}
info: Inicio de sesión exitoso. Correo electrónico: admin@admin.com {"timestamp":"2024-04-29 01:50:46"}
info: Colegio creado correctamente {"timestamp":"2024-04-29 01:50:47"}
info: Inicio de sesión exitoso. Correo electrónico: admin@admin.com {"timestamp":"2024-04-29 01:50:47"}
error: Se ha intentado acceder a un endPoint del Admin sin serlo con email: admin@admin.com. {"timestamp":"2024-04-29 01:50:47"}
info: Inicio de sesión exitoso. Correo electrónico: admin@admin.com {"timestamp":"2024-04-29 01:51:42"}
info: Colegio creado correctamente {"timestamp":"2024-04-29 01:51:42"}
info: Inicio de sesión exitoso. Correo electrónico: admin@admin.com {"timestamp":"2024-04-29 01:51:42"}
info: Inicio de sesión exitoso. Correo electrónico: admin@admin.com {"timestamp":"2024-04-29 01:52:30"}
info: Colegio creado correctamente {"timestamp":"2024-04-29 01:52:31"}
info: Inicio de sesión exitoso. Correo electrónico: admin@admin.com {"timestamp":"2024-04-29 01:52:31"}
error: Se ha intentado acceder a un endPoint del Admin sin serlo con email: admin@admin.com. {"timestamp":"2024-04-29 01:52:31"}
info: Inicio de sesión exitoso. Correo electrónico: admin@admin.com {"timestamp":"2024-04-29 01:54:16"}
info: Colegio creado correctamente {"timestamp":"2024-04-29 01:54:17"}
info: Inicio de sesión exitoso. Correo electrónico: admin@admin.com {"timestamp":"2024-04-29 01:54:17"}
error: Se ha intentado acceder a un endPoint del Admin sin serlo con email: admin@admin.com. {"timestamp":"2024-04-29 01:54:17"}
info: Inicio de sesión exitoso. Correo electrónico: admin@admin.com {"timestamp":"2024-04-29 01:55:08"}
info: Colegio creado correctamente {"timestamp":"2024-04-29 01:55:08"}
info: Inicio de sesión exitoso. Correo electrónico: admin@admin.com {"timestamp":"2024-04-29 01:55:08"}
info: Inicio de sesión exitoso. Correo electrónico: test@example.com {"timestamp":"2024-04-29 02:09:50"}
info: Recomendación de barrio obtenida correctamente: {"timestamp":"2024-04-29 02:09:51"}
info: Inicio de sesión exitoso. Correo electrónico: admin@admin.com {"timestamp":"2024-04-29 02:09:51"}
info: Colegio creado correctamente {"timestamp":"2024-04-29 02:09:51"}
info: Inicio de sesión exitoso. Correo electrónico: admin@admin.com {"timestamp":"2024-04-29 02:09:51"}
info: Actividades obtenidas correctamente {"timestamp":"2024-04-29 02:11:17"}
info: Inicio de sesión exitoso. Correo electrónico: test@example.com {"timestamp":"2024-04-29 02:11:17"}
info: Recomendación de barrio obtenida correctamente: {"timestamp":"2024-04-29 02:11:17"}
info: Inicio de sesión exitoso. Correo electrónico: admin@admin.com {"timestamp":"2024-04-29 02:11:17"}
info: Colegio creado correctamente {"timestamp":"2024-04-29 02:11:17"}
info: Inicio de sesión exitoso. Correo electrónico: admin@admin.com {"timestamp":"2024-04-29 02:11:17"}
info: Actividades obtenidas correctamente {"timestamp":"2024-04-29 02:13:13"}
info: Usuario registrado exitosamente con ID: 662ee619abd0617cf471c00a {"timestamp":"2024-04-29 02:13:13"}
info: Inicio de sesión exitoso. Correo electrónico: test@example.com {"timestamp":"2024-04-29 02:13:13"}
info: Recomendación de barrio obtenida correctamente: {"timestamp":"2024-04-29 02:13:13"}
info: Inicio de sesión exitoso. Correo electrónico: admin@admin.com {"timestamp":"2024-04-29 02:13:13"}
info: Colegio creado correctamente {"timestamp":"2024-04-29 02:13:13"}
info: Inicio de sesión exitoso. Correo electrónico: admin@admin.com {"timestamp":"2024-04-29 02:13:13"}
info: Actividades obtenidas correctamente {"timestamp":"2024-04-29 16:47:25"}
info: Usuario registrado exitosamente con ID: 662fb2fd3b8dda150346085d {"timestamp":"2024-04-29 16:47:26"}
info: Inicio de sesión exitoso. Correo electrónico: test@example.com {"timestamp":"2024-04-29 16:47:26"}
info: Recomendación de barrio obtenida correctamente: {"timestamp":"2024-04-29 16:47:26"}
info: Inicio de sesión exitoso. Correo electrónico: admin@admin.com {"timestamp":"2024-04-29 16:47:26"}
info: Colegio creado correctamente {"timestamp":"2024-04-29 16:47:26"}
info: Inicio de sesión exitoso. Correo electrónico: admin@admin.com {"timestamp":"2024-04-29 16:47:26"}
warn: Se ha solicitado la lista de todos los usuarios. {"timestamp":"2024-05-07 21:14:34"}
warn: Se ha solicitado la lista de todos los usuarios. {"timestamp":"2024-05-07 21:14:35"}
error: Se ha intentado acceder a un endPoint sin token. {"timestamp":"2024-05-07 21:15:29"}
